2014/08/26 21:04:36 [error] [exception.CException] exception 'CException' with message 'Object configuration must be an array containing a "class" element.' in /Applications/XAMPP/xamppfiles/htdocs/yii/framework/YiiBase.php:193
Stack trace:
#0 /Applications/XAMPP/xamppfiles/htdocs/yii/framework/base/CModule.php(386): YiiBase::createComponent(Array)
#1 /Applications/XAMPP/xamppfiles/htdocs/yii/framework/gii/generators/model/ModelGenerator.php(17): CModule->getComponent('db1')
#2 [internal function]: ModelGenerator->actionGetTableNames('db1')
#3 /Applications/XAMPP/xamppfiles/htdocs/yii/framework/web/actions/CAction.php(108): ReflectionMethod->invokeArgs(Object(ModelGenerator), Array)
#4 /Applications/XAMPP/xamppfiles/htdocs/yii/framework/web/actions/CInlineAction.php(47): CAction->runWithParamsInternal(Object(ModelGenerator), Object(ReflectionMethod), Array)
#5 /Applications/XAMPP/xamppfiles/htdocs/yii/framework/web/CController.php(308): CInlineAction->runWithParams(Array)
#6 /Applications/XAMPP/xamppfiles/htdocs/yii/framework/web/CController.php(286): CController->runAction(Object(CInlineAction))
#7 /Applications/XAMPP/xamppfiles/htdocs/yii/framework/web/CController.php(265): CController->runActionWithFilters(Object(CInlineAction), Array)
#8 /Applications/XAMPP/xamppfiles/htdocs/yii/framework/web/CWebApplication.php(282): CController->run('getTableNames')
#9 /Applications/XAMPP/xamppfiles/htdocs/yii/framework/web/CWebApplication.php(141): CWebApplication->runController('gii/model/getTa...')
#10 /Applications/XAMPP/xamppfiles/htdocs/yii/framework/base/CApplication.php(180): CWebApplication->processRequest()
#11 /Applications/XAMPP/xamppfiles/htdocs/multipleDb/index.php(13): CApplication->run()
#12 {main}
REQUEST_URI=/multipleDb/index.php?r=gii/model/getTableNames&db=db1
HTTP_REFERER=http://localhost/multipleDb/index.php?r=gii/model/index
---
2014/08/26 21:04:57 [error] [exception.CException] exception 'CException' with message 'Object configuration must be an array containing a "class" element.' in /Applications/XAMPP/xamppfiles/htdocs/yii/framework/YiiBase.php:193
Stack trace:
#0 /Applications/XAMPP/xamppfiles/htdocs/yii/framework/base/CModule.php(386): YiiBase::createComponent(Array)
#1 /Applications/XAMPP/xamppfiles/htdocs/yii/framework/gii/generators/model/ModelGenerator.php(17): CModule->getComponent('db1')
#2 [internal function]: ModelGenerator->actionGetTableNames('db1')
#3 /Applications/XAMPP/xamppfiles/htdocs/yii/framework/web/actions/CAction.php(108): ReflectionMethod->invokeArgs(Object(ModelGenerator), Array)
#4 /Applications/XAMPP/xamppfiles/htdocs/yii/framework/web/actions/CInlineAction.php(47): CAction->runWithParamsInternal(Object(ModelGenerator), Object(ReflectionMethod), Array)
#5 /Applications/XAMPP/xamppfiles/htdocs/yii/framework/web/CController.php(308): CInlineAction->runWithParams(Array)
#6 /Applications/XAMPP/xamppfiles/htdocs/yii/framework/web/CController.php(286): CController->runAction(Object(CInlineAction))
#7 /Applications/XAMPP/xamppfiles/htdocs/yii/framework/web/CController.php(265): CController->runActionWithFilters(Object(CInlineAction), Array)
#8 /Applications/XAMPP/xamppfiles/htdocs/yii/framework/web/CWebApplication.php(282): CController->run('getTableNames')
#9 /Applications/XAMPP/xamppfiles/htdocs/yii/framework/web/CWebApplication.php(141): CWebApplication->runController('gii/model/getTa...')
#10 /Applications/XAMPP/xamppfiles/htdocs/yii/framework/base/CApplication.php(180): CWebApplication->processRequest()
#11 /Applications/XAMPP/xamppfiles/htdocs/multipleDb/index.php(13): CApplication->run()
#12 {main}
REQUEST_URI=/multipleDb/index.php?r=gii/model/getTableNames&db=db1
HTTP_REFERER=http://localhost/multipleDb/index.php?r=gii/model/index
---
