2014/08/06 07:10:41 [error] [exception.CException] exception 'CException' with message 'Alias "booster.widgets.TbSelect2" is invalid. Make sure it points to an existing directory or file.' in /Applications/XAMPP/xamppfiles/htdocs/yii/framework/YiiBase.php:347
Stack trace:
#0 /Applications/XAMPP/xamppfiles/htdocs/yii/framework/web/CWidgetFactory.php(146): YiiBase::import('booster.widgets...', true)
#1 /Applications/XAMPP/xamppfiles/htdocs/yii/framework/web/CBaseController.php(146): CWidgetFactory->createWidget(Object(SiteController), 'booster.widgets...', Array)
#2 /Applications/XAMPP/xamppfiles/htdocs/yii/framework/web/CBaseController.php(172): CBaseController->createWidget('booster.widgets...', Array)
#3 /Applications/XAMPP/xamppfiles/htdocs/yiibooster/protected/views/site/index.php(23): CBaseController->widget('booster.widgets...', Array)
#4 /Applications/XAMPP/xamppfiles/htdocs/yii/framework/web/CBaseController.php(126): require('/Applications/X...')
#5 /Applications/XAMPP/xamppfiles/htdocs/yii/framework/web/CBaseController.php(95): CBaseController->renderInternal('/Applications/X...', NULL, true)
#6 /Applications/XAMPP/xamppfiles/htdocs/yii/framework/web/CController.php(869): CBaseController->renderFile('/Applications/X...', NULL, true)
#7 /Applications/XAMPP/xamppfiles/htdocs/yii/framework/web/CController.php(782): CController->renderPartial('index', NULL, true)
#8 /Applications/XAMPP/xamppfiles/htdocs/yiibooster/protected/controllers/SiteController.php(32): CController->render('index')
#9 /Applications/XAMPP/xamppfiles/htdocs/yii/framework/web/actions/CInlineAction.php(49): SiteController->actionIndex()
#10 /Applications/XAMPP/xamppfiles/htdocs/yii/framework/web/CController.php(308): CInlineAction->runWithParams(Array)
#11 /Applications/XAMPP/xamppfiles/htdocs/yii/framework/web/CController.php(286): CController->runAction(Object(CInlineAction))
#12 /Applications/XAMPP/xamppfiles/htdocs/yii/framework/web/CController.php(265): CController->runActionWithFilters(Object(CInlineAction), Array)
#13 /Applications/XAMPP/xamppfiles/htdocs/yii/framework/web/CWebApplication.php(282): CController->run('')
#14 /Applications/XAMPP/xamppfiles/htdocs/yii/framework/web/CWebApplication.php(141): CWebApplication->runController('')
#15 /Applications/XAMPP/xamppfiles/htdocs/yii/framework/base/CApplication.php(180): CWebApplication->processRequest()
#16 /Applications/XAMPP/xamppfiles/htdocs/yiibooster/index.php(13): CApplication->run()
#17 {main}
REQUEST_URI=/yiibooster/
---
